<?xml version="1.0" encoding="UTF-8"?>
<!-- Generated by org.testng.reporters.JUnitReportReporter -->
<testsuite skipped="0" hostname="Securax-PC" name="com.securtime_saxapi_testcases.TC0010_Get_RawPunch_data" tests="5" failures="0" timestamp="23 Aug 2019 04:51:34 GMT" time="0.055" errors="0">
  <testcase name="checkResponseBody" time="0.024" classname="com.securtime_saxapi_testcases.TC0010_Get_RawPunch_data"/>
  <testcase name="checkContentType" time="0.002" classname="com.securtime_saxapi_testcases.TC0010_Get_RawPunch_data"/>
  <testcase name="checkContentEncoding" time="0.022" classname="com.securtime_saxapi_testcases.TC0010_Get_RawPunch_data"/>
  <testcase name="checkResponseTime" time="0.005" classname="com.securtime_saxapi_testcases.TC0010_Get_RawPunch_data"/>
  <testcase name="checkStatusCode" time="0.002" classname="com.securtime_saxapi_testcases.TC0010_Get_RawPunch_data"/>
</testsuite> <!-- com.securtime_saxapi_testcases.TC0010_Get_RawPunch_data -->
