<?xml version="1.0" encoding="UTF-8"?>
<!-- Generated by org.testng.reporters.JUnitReportReporter -->
<testsuite skipped="0" hostname="Securax-PC" name="com.securtime_mobileapi_testcases.TC002_Get_PasswordRules" tests="2" failures="0" timestamp="23 Aug 2019 06:19:31 GMT" time="0.029" errors="0">
  <testcase name="checkStatusCode" time="0.003" classname="com.securtime_mobileapi_testcases.TC002_Get_PasswordRules"/>
  <testcase name="checkResponseBody" time="0.026" classname="com.securtime_mobileapi_testcases.TC002_Get_PasswordRules"/>
</testsuite> <!-- com.securtime_mobileapi_testcases.TC002_Get_PasswordRules -->
