<?xml version="1.0" encoding="UTF-8"?>
<!-- Generated by org.testng.reporters.JUnitReportReporter -->
<testsuite skipped="0" hostname="Securax-PC" name="com.securtime_mobileapi_testcases.TC001_Get_Domain_Validation" tests="1" failures="0" timestamp="22 Aug 2019 13:06:48 GMT" time="0.018" errors="0">
  <testcase name="checkResponseBody" time="0.018" classname="com.securtime_mobileapi_testcases.TC001_Get_Domain_Validation"/>
</testsuite> <!-- com.securtime_mobileapi_testcases.TC001_Get_Domain_Validation -->
