<?xml version="1.0" encoding="UTF-8"?>
<!-- Generated by org.testng.reporters.JUnitReportReporter -->
<testsuite skipped="0" hostname="Securax-PC" name="com.securtime_api_testcases.TC003_Put_UpdateEmployee" tests="3" failures="0" timestamp="19 Aug 2019 09:19:56 GMT" time="0.023" errors="0">
  <testcase name="checkResponseBody" time="0.016" classname="com.securtime_api_testcases.TC003_Put_UpdateEmployee"/>
  <testcase name="checkStatusCode" time="0.005" classname="com.securtime_api_testcases.TC003_Put_UpdateEmployee"/>
  <testcase name="checkResponseTime" time="0.002" classname="com.securtime_api_testcases.TC003_Put_UpdateEmployee"/>
</testsuite> <!-- com.securtime_api_testcases.TC003_Put_UpdateEmployee -->
