<?xml version="1.0" encoding="UTF-8"?>
<!-- Generated by org.testng.reporters.JUnitReportReporter -->
<testsuite skipped="0" hostname="Securax-PC" name="com.securtime_saxapi_testcases.TC0011_Get_Delta_RawPunch_data" tests="5" failures="0" timestamp="23 Aug 2019 11:18:38 GMT" time="0.039" errors="0">
  <testcase name="checkResponseBody" time="0.016" classname="com.securtime_saxapi_testcases.TC0011_Get_Delta_RawPunch_data"/>
  <testcase name="checkContentType" time="0.008" classname="com.securtime_saxapi_testcases.TC0011_Get_Delta_RawPunch_data"/>
  <testcase name="checkContentEncoding" time="0.013" classname="com.securtime_saxapi_testcases.TC0011_Get_Delta_RawPunch_data"/>
  <testcase name="checkResponseTime" time="0.001" classname="com.securtime_saxapi_testcases.TC0011_Get_Delta_RawPunch_data"/>
  <testcase name="checkStatusCode" time="0.001" classname="com.securtime_saxapi_testcases.TC0011_Get_Delta_RawPunch_data"/>
</testsuite> <!-- com.securtime_saxapi_testcases.TC0011_Get_Delta_RawPunch_data -->
