<?xml version="1.0" encoding="UTF-8"?>
<!-- Generated by org.testng.reporters.JUnitReportReporter -->
<testsuite skipped="0" hostname="Securax-PC" name="com.securtime_api_testcases.TC009_Post_Save_Shift_Roster_data" tests="5" failures="0" timestamp="19 Aug 2019 10:52:17 GMT" time="0.051" errors="0">
  <testcase name="checkResponseBody" time="0.040" classname="com.securtime_api_testcases.TC009_Post_Save_Shift_Roster_data"/>
  <testcase name="checkStatusCode" time="0.005" classname="com.securtime_api_testcases.TC009_Post_Save_Shift_Roster_data"/>
  <testcase name="checkResponseTime" time="0.002" classname="com.securtime_api_testcases.TC009_Post_Save_Shift_Roster_data"/>
  <testcase name="checkContentType" time="0.003" classname="com.securtime_api_testcases.TC009_Post_Save_Shift_Roster_data"/>
  <testcase name="checkContentEncoding" time="0.001" classname="com.securtime_api_testcases.TC009_Post_Save_Shift_Roster_data"/>
</testsuite> <!-- com.securtime_api_testcases.TC009_Post_Save_Shift_Roster_data -->
