<?xml version="1.0" encoding="UTF-8"?>
<!-- Generated by org.testng.reporters.JUnitReportReporter -->
<testsuite skipped="0" hostname="Securax-PC" name="com.securtime_mobileapi_testcases.TC002_Get_PasswordRules" tests="1" failures="0" timestamp="22 Aug 2019 13:49:10 GMT" time="0.031" errors="0">
  <testcase name="checkResponseBody" time="0.031" classname="com.securtime_mobileapi_testcases.TC002_Get_PasswordRules"/>
</testsuite> <!-- com.securtime_mobileapi_testcases.TC002_Get_PasswordRules -->
