<?xml version="1.0" encoding="UTF-8"?>
<!-- Generated by org.testng.reporters.JUnitReportReporter -->
<testsuite skipped="0" hostname="Securax-PC" name="com.securtime_api_testcases.TC0014_Get_TimeSheet_Data" tests="5" failures="0" timestamp="19 Aug 2019 09:25:08 GMT" time="0.016" errors="0">
  <testcase name="checkResponseBody" time="0.009" classname="com.securtime_api_testcases.TC0014_Get_TimeSheet_Data"/>
  <testcase name="checkStatusCode" time="0.000" classname="com.securtime_api_testcases.TC0014_Get_TimeSheet_Data"/>
  <testcase name="checkResponseTime" time="0.001" classname="com.securtime_api_testcases.TC0014_Get_TimeSheet_Data"/>
  <testcase name="checkContentType" time="0.003" classname="com.securtime_api_testcases.TC0014_Get_TimeSheet_Data"/>
  <testcase name="checkContentEncoding" time="0.003" classname="com.securtime_api_testcases.TC0014_Get_TimeSheet_Data"/>
</testsuite> <!-- com.securtime_api_testcases.TC0014_Get_TimeSheet_Data -->
