<?xml version="1.0" encoding="UTF-8"?>
<!-- Generated by org.testng.reporters.JUnitReportReporter -->
<testsuite skipped="0" hostname="Securax-PC" name="com.securtime_api_testcases.TC002_Post_CreateEmployee" tests="5" failures="0" timestamp="19 Aug 2019 09:02:28 GMT" time="0.048" errors="0">
  <testcase name="checkResponseBody" time="0.038" classname="com.securtime_api_testcases.TC002_Post_CreateEmployee"/>
  <testcase name="checkStatusCode" time="0.003" classname="com.securtime_api_testcases.TC002_Post_CreateEmployee"/>
  <testcase name="checkResponseTime" time="0.001" classname="com.securtime_api_testcases.TC002_Post_CreateEmployee"/>
  <testcase name="checkContentType" time="0.005" classname="com.securtime_api_testcases.TC002_Post_CreateEmployee"/>
  <testcase name="checkContentEncoding" time="0.001" classname="com.securtime_api_testcases.TC002_Post_CreateEmployee"/>
</testsuite> <!-- com.securtime_api_testcases.TC002_Post_CreateEmployee -->
