<?xml version="1.0" encoding="UTF-8"?>
<!-- Generated by org.testng.reporters.JUnitReportReporter -->
<testsuite skipped="0" hostname="Securax-PC" name="com.securtime_api_testcases.TC0010_Get_RawPunch_data" tests="5" failures="0" timestamp="19 Aug 2019 09:25:08 GMT" time="0.029" errors="0">
  <testcase name="checkResponseTime" time="0.019" classname="com.securtime_api_testcases.TC0010_Get_RawPunch_data"/>
  <testcase name="checkContentEncoding" time="0.003" classname="com.securtime_api_testcases.TC0010_Get_RawPunch_data"/>
  <testcase name="checkContentType" time="0.002" classname="com.securtime_api_testcases.TC0010_Get_RawPunch_data"/>
  <testcase name="checkResponseBody" time="0.003" classname="com.securtime_api_testcases.TC0010_Get_RawPunch_data"/>
  <testcase name="checkStatusCode" time="0.002" classname="com.securtime_api_testcases.TC0010_Get_RawPunch_data"/>
</testsuite> <!-- com.securtime_api_testcases.TC0010_Get_RawPunch_data -->
