<?xml version="1.0" encoding="UTF-8"?>
<!-- Generated by org.testng.reporters.JUnitReportReporter -->
<testsuite skipped="0" hostname="Securax-PC" name="com.securtime_saxapi_testcases.TC001_Get_Daily_Performance_Data" tests="5" failures="0" timestamp="22 Aug 2019 13:05:56 GMT" time="1.566" errors="0">
  <testcase name="checkResponseBody" time="1.550" classname="com.securtime_saxapi_testcases.TC001_Get_Daily_Performance_Data"/>
  <testcase name="checkStatusCode" time="0.011" classname="com.securtime_saxapi_testcases.TC001_Get_Daily_Performance_Data"/>
  <testcase name="checkResponseTime" time="0.002" classname="com.securtime_saxapi_testcases.TC001_Get_Daily_Performance_Data"/>
  <testcase name="checkContentType" time="0.001" classname="com.securtime_saxapi_testcases.TC001_Get_Daily_Performance_Data"/>
  <testcase name="checkContentEncoding" time="0.002" classname="com.securtime_saxapi_testcases.TC001_Get_Daily_Performance_Data"/>
</testsuite> <!-- com.securtime_saxapi_testcases.TC001_Get_Daily_Performance_Data -->
