<?xml version="1.0" encoding="UTF-8"?>
<!-- Generated by org.testng.reporters.JUnitReportReporter -->
<testsuite skipped="0" hostname="Securax-PC" name="com.securtime_api_testcases.TC0015_Post_TimeSheet_Project" tests="5" failures="0" timestamp="19 Aug 2019 11:07:58 GMT" time="0.044" errors="0">
  <testcase name="checkResponseBody" time="0.033" classname="com.securtime_api_testcases.TC0015_Post_TimeSheet_Project"/>
  <testcase name="checkStatusCode" time="0.005" classname="com.securtime_api_testcases.TC0015_Post_TimeSheet_Project"/>
  <testcase name="checkResponseTime" time="0.002" classname="com.securtime_api_testcases.TC0015_Post_TimeSheet_Project"/>
  <testcase name="checkContentType" time="0.002" classname="com.securtime_api_testcases.TC0015_Post_TimeSheet_Project"/>
  <testcase name="checkContentEncoding" time="0.002" classname="com.securtime_api_testcases.TC0015_Post_TimeSheet_Project"/>
</testsuite> <!-- com.securtime_api_testcases.TC0015_Post_TimeSheet_Project -->
