<?xml version="1.0" encoding="UTF-8"?>
<!-- Generated by org.testng.reporters.JUnitReportReporter -->
<testsuite skipped="0" hostname="Securax-PC" name="com.securtime_api_testcases.TC005_Get_LeaveBalance" tests="5" failures="0" timestamp="19 Aug 2019 09:25:08 GMT" time="17.890" errors="0">
  <testcase name="checkResponseTime" time="0.002" classname="com.securtime_api_testcases.TC005_Get_LeaveBalance"/>
  <testcase name="checkContentEncoding" time="0.010" classname="com.securtime_api_testcases.TC005_Get_LeaveBalance"/>
  <testcase name="checkResponseBody" time="17.874" classname="com.securtime_api_testcases.TC005_Get_LeaveBalance"/>
  <testcase name="checkStatusCode" time="0.001" classname="com.securtime_api_testcases.TC005_Get_LeaveBalance"/>
  <testcase name="checkContentType" time="0.003" classname="com.securtime_api_testcases.TC005_Get_LeaveBalance"/>
</testsuite> <!-- com.securtime_api_testcases.TC005_Get_LeaveBalance -->
