<?xml version="1.0" encoding="UTF-8"?>
<!-- Generated by org.testng.reporters.JUnitReportReporter -->
<testsuite skipped="0" hostname="Securax-PC" name="com.securtime_api_testcases.TC0013_Post_TimeSheet_Client" tests="5" failures="0" timestamp="19 Aug 2019 11:07:42 GMT" time="0.029" errors="0">
  <testcase name="checkResponseBody" time="0.023" classname="com.securtime_api_testcases.TC0013_Post_TimeSheet_Client"/>
  <testcase name="checkStatusCode" time="0.003" classname="com.securtime_api_testcases.TC0013_Post_TimeSheet_Client"/>
  <testcase name="checkResponseTime" time="0.001" classname="com.securtime_api_testcases.TC0013_Post_TimeSheet_Client"/>
  <testcase name="checkContentType" time="0.001" classname="com.securtime_api_testcases.TC0013_Post_TimeSheet_Client"/>
  <testcase name="checkContentEncoding" time="0.001" classname="com.securtime_api_testcases.TC0013_Post_TimeSheet_Client"/>
</testsuite> <!-- com.securtime_api_testcases.TC0013_Post_TimeSheet_Client -->
