<?xml version="1.0" encoding="UTF-8"?>
<!-- Generated by org.testng.reporters.JUnitReportReporter -->
<testsuite skipped="0" hostname="Securax-PC" name="com.securtime_api_testcases.TC006_Get_LeaveTransactions" tests="5" failures="0" timestamp="19 Aug 2019 09:25:08 GMT" time="0.015" errors="0">
  <testcase name="checkContentEncoding" time="0.001" classname="com.securtime_api_testcases.TC006_Get_LeaveTransactions"/>
  <testcase name="checkStatusCode" time="0.001" classname="com.securtime_api_testcases.TC006_Get_LeaveTransactions"/>
  <testcase name="checkContentType" time="0.011" classname="com.securtime_api_testcases.TC006_Get_LeaveTransactions"/>
  <testcase name="checkResponseTime" time="0.001" classname="com.securtime_api_testcases.TC006_Get_LeaveTransactions"/>
  <testcase name="checkResponseBody" time="0.001" classname="com.securtime_api_testcases.TC006_Get_LeaveTransactions"/>
</testsuite> <!-- com.securtime_api_testcases.TC006_Get_LeaveTransactions -->
