<?xml version="1.0" encoding="UTF-8"?>
<!-- Generated by org.testng.reporters.JUnitReportReporter -->
<testsuite skipped="0" hostname="Securax-PC" name="com.securtime_api_base.TestBase" tests="1" failures="0" timestamp="12 Aug 2019 07:00:15 GMT" time="0.015" errors="0">
  <testcase name="init" time="0.015" classname="com.securtime_api_base.TestBase"/>
</testsuite> <!-- com.securtime_api_base.TestBase -->
