<?xml version="1.0" encoding="UTF-8"?>
<!-- Generated by org.testng.reporters.JUnitReportReporter -->
<testsuite skipped="0" hostname="Securax-PC" name="com.securtime_api_testcases.TC001_Get_Daily_Performancedata" tests="5" failures="0" timestamp="12 Aug 2019 11:13:53 GMT" time="0.053" errors="0">
  <testcase name="checkContentEncoding" time="0.018" classname="com.securtime_api_testcases.TC001_Get_Daily_Performancedata"/>
  <testcase name="checkContentType" time="0.004" classname="com.securtime_api_testcases.TC001_Get_Daily_Performancedata"/>
  <testcase name="checkStatusCode" time="0.003" classname="com.securtime_api_testcases.TC001_Get_Daily_Performancedata"/>
  <testcase name="checkResponseTime" time="0.001" classname="com.securtime_api_testcases.TC001_Get_Daily_Performancedata"/>
  <testcase name="checkResponseBody" time="0.027" classname="com.securtime_api_testcases.TC001_Get_Daily_Performancedata"/>
</testsuite> <!-- com.securtime_api_testcases.TC001_Get_Daily_Performancedata -->
